<?xml version="1.0" encoding="UTF-8"?>
<!-- Generated by org.testng.reporters.JUnitXMLReporter -->
<testsuite hostname="Asheesh" ignored="0" name="Test" tests="6" failures="0" timestamp="03 Feb 2018 19:36:07 GMT" time="0.145" errors="0">
  <testcase name="TC_001" time="0.026" classname="com.regression.US_1234"/>
  <testcase name="TC_002" time="0.007" classname="com.regression.US_1234"/>
  <testcase name="TC_005" time="0.005" classname="com.regression.Tc"/>
  <testcase name="TC_006" time="0.005" classname="com.regression.Tc"/>
  <testcase name="TC_003" time="0.005" classname="com.smoke.US_12345"/>
  <testcase name="TC_004" time="0.004" classname="com.smoke.US_12345"/>
</testsuite> <!-- Test -->
